-5.52629188048878 -0.8007323912398826 -0.8007323912398826 -0.8007323912398826 -0.8007323912398826 -2.1286317858706076 -2.1286317858706076 -0.8007323912398826 -0.8007323912398826 -0.8007323912398826 -0.8007323912398826 -0.8007323912398826 -0.8007323912398826 -0.8007323912398826 -2.1286317858706076 -2.1286317858706076 -0.8007323912398826 -0.8007323912398826 -0.8007323912398826 -0.8007323912398826 -0.8007323912398826 -0.8007323912398826 -0.8007323912398826 -2.1286317858706076 -2.1286317858706076 -0.8007323912398826 -0.8007323912398826 -0.8007323912398826 -0.8007323912398826
-0.8007323912398826
-0.8007323912398826
-0.8007323912398826
-2.1286317858706076
-2.1286317858706076
-0.8007323912398826
-0.8007323912398826
-0.8007323912398826
-0.8007323912398826
-0.8007323912398826
-0.8007323912398826
-0.8007323912398826
-2.1286317858706076
-2.1286317858706076
-0.8007323912398826
-0.8007323912398826
-0.8007323912398826
-2.1286317858706076
-2.1286317858706076
-2.1286317858706076
-2.1286317858706076
-0.8007323912398826
-0.8007323912398826
-2.1286317858706076
-2.1286317858706076
-2.1286317858706076
-0.8007323912398826
-0.8007323912398826
-0.8007323912398826
-0.8007323912398826
-2.1286317858706076
-2.1286317858706076
-0.8007323912398826
-0.8007323912398826
-0.8007323912398826
-0.8007323912398826
-0.8007323912398826
-0.8007323912398826
-0.8007323912398826
-2.1286317858706076
-2.1286317858706076
-0.8007323912398826
-0.8007323912398826
-0.8007323912398826
-0.8007323912398826
-0.8007323912398826
-0.8007323912398826
-0.8007323912398826
-2.1286317858706076
-2.1286317858706076
-0.8007323912398826
-0.8007323912398826
-0.8007323912398826
-2.9037969640415047
-2.9037969640415047
-2.9037969640415047
-2.9037969640415047
-2.9037969640415047
-2.9037969640415047
-2.9037969640415047
-2.9037969640415047
-2.9037969640415047
-2.9037969640415047
-1.9500040175110993
-1.9500040175110993
-1.9500040175110993
-1.9500040175110993
-1.9500040175110993
-1.9500040175110993
-1.9500040175110993
-1.9500040175110993
-1.9500040175110993
-1.9500040175110993
-1.9500040175110993
-1.9500040175110993
-1.9500040175110993
-1.9500040175110993
-1.9500040175110993
-1.9500040175110993
-1.9500040175110993
-1.9500040175110993
-1.9500040175110993
-1.9500040175110993
-2.9037969640415047
-2.9037969640415047
-2.9037969640415047
-2.9037969640415047
-2.9037969640415047
-2.9037969640415047
-2.9037969640415047
-2.9037969640415047
-2.9037969640415047
-2.9037969640415047
-1.9500040175110993
-1.9500040175110993
-1.9500040175110993
-1.9500040175110993
-1.9500040175110993
-1.9500040175110993
-1.9500040175110993
-1.9500040175110993
-1.9500040175110993
-1.9500040175110993
-1.9500040175110993
-1.9500040175110993
-1.9500040175110993
-1.9500040175110993
-1.9500040175110993
-1.9500040175110993
-1.9500040175110993
-1.9500040175110993
-1.9500040175110993
-1.9500040175110993
-2.940825069609165
-2.940825069609165
-2.940825069609165
-2.940825069609165
-2.940825069609165
-2.940825069609165
-2.940825069609165
-2.940825069609165
-2.940825069609165
-2.940825069609165
-1.8917129919233089
-1.8917129919233089
-1.8917129919233089
-1.8917129919233089
-1.8917129919233089
-1.8917129919233089
-1.8917129919233089
-1.8917129919233089
-1.8917129919233089
-1.8917129919233089
-1.8917129919233089
-1.8917129919233089
-1.8917129919233089
-1.8917129919233089
-1.8917129919233089
-1.8917129919233089
-1.8917129919233089
-1.8917129919233089
-1.8917129919233089
-1.8917129919233089
-2.9037969640415047
-2.9037969640415047
-2.9037969640415047
-2.9037969640415047
-2.9037969640415047
-2.9037969640415047
-2.9037969640415047
-2.9037969640415047
-2.9037969640415047
-2.9037969640415047
-1.9500040175110993
-1.9500040175110993
-1.9500040175110993
-1.9500040175110993
-1.9500040175110993
-1.9500040175110993
-1.9500040175110993
-1.9500040175110993
-1.9500040175110993
-1.9500040175110993
-1.9500040175110993
-1.9500040175110993
-1.9500040175110993
-1.9500040175110993
-1.9500040175110993
-1.9500040175110993
-1.9500040175110993
-1.9500040175110993
-1.9500040175110993
-1.9500040175110993
-2.940825069609165
-2.940825069609165
-2.940825069609165
-2.940825069609165
-2.940825069609165
-2.940825069609165
-2.940825069609165
-2.940825069609165
-2.940825069609165
-2.940825069609165
-1.8917129919233089
-1.8917129919233089
-1.8917129919233089
-1.8917129919233089
-1.8917129919233089
-1.8917129919233089
-1.8917129919233089
-1.8917129919233089
-1.8917129919233089
-1.8917129919233089
-1.8917129919233089
-1.8917129919233089
-1.8917129919233089
-1.8917129919233089
-1.8917129919233089
-1.8917129919233089
-1.8917129919233089
-1.8917129919233089
-1.8917129919233089
-1.8917129919233089
-2.929224763797714
-2.929224763797714
-2.929224763797714
-2.929224763797714
-2.929224763797714
-2.929224763797714
-2.929224763797714
-2.929224763797714
-2.929224763797714
-2.929224763797714
-1.896772102390747
-1.896772102390747
-1.896772102390747
-1.896772102390747
-1.896772102390747
-1.896772102390747
-1.896772102390747
-1.896772102390747
-1.896772102390747
-1.896772102390747
-1.896772102390747
-1.896772102390747
-1.896772102390747
-1.896772102390747
-1.896772102390747
-1.896772102390747
-1.896772102390747
-1.896772102390747
-1.896772102390747
-1.896772102390747
-2.9251859902788757
-2.9251859902788757
-2.9251859902788757
-2.9251859902788757
-2.9251859902788757
-2.9251859902788757
-2.9251859902788757
-2.9251859902788757
-2.9251859902788757
-2.9251859902788757
-1.8984333386207592
-1.8984333386207592
-1.8984333386207592
-1.8984333386207592
-1.8984333386207592
-1.8984333386207592
-1.8984333386207592
-1.8984333386207592
-1.8984333386207592
-1.8984333386207592
-1.8984333386207592
-1.8984333386207592
-1.8984333386207592
-1.8984333386207592
-1.8984333386207592
-1.8984333386207592
-1.8984333386207592
-1.8984333386207592
-1.8984333386207592
-1.8984333386207592
-2.9037969640415047
-2.9037969640415047
-2.9037969640415047
-2.9037969640415047
-2.9037969640415047
-2.9037969640415047
-2.9037969640415047
-2.9037969640415047
-2.9037969640415047
-2.9037969640415047
-1.9500040175110993
-1.9500040175110993
-1.9500040175110993
-1.9500040175110993
-1.9500040175110993
-1.9500040175110993
-1.9500040175110993
-1.9500040175110993
-1.9500040175110993
-1.9500040175110993
-1.9500040175110993
-1.9500040175110993
-1.9500040175110993
-1.9500040175110993
-1.9500040175110993
-1.9500040175110993
-1.9500040175110993
-1.9500040175110993
-1.9500040175110993
-1.9500040175110993
